<?xml version="1.0" encoding="UTF-8" ?>
<testsuite tests="44" failures="0" name="org.jfree.data.time.TimeSeriesTest" time="0.015" errors="0" skipped="0">
  <properties>
    <property name="java.runtime.name" value="Java(TM) SE Runtime Environment"/>
    <property name="sun.boot.library.path" value="C:\Program Files\Java\jdk1.8.0_121\jre\bin"/>
    <property name="java.vm.version" value="25.121-b13"/>
    <property name="java.vm.vendor" value="Oracle Corporation"/>
    <property name="java.vendor.url" value="http://java.oracle.com/"/>
    <property name="path.separator" value=";"/>
    <property name="guice.disable.misplaced.annotation.check" value="true"/>
    <property name="java.vm.name" value="Java HotSpot(TM) 64-Bit Server VM"/>
    <property name="file.encoding.pkg" value="sun.io"/>
    <property name="user.script" value=""/>
    <property name="user.country" value="PL"/>
    <property name="sun.java.launcher" value="SUN_STANDARD"/>
    <property name="sun.os.patch.level" value=""/>
    <property name="java.vm.specification.name" value="Java Virtual Machine Specification"/>
    <property name="user.dir" value="C:\Users\maciek\programy\iadrepo2\jfreechart-1.0.19"/>
    <property name="java.runtime.version" value="1.8.0_121-b13"/>
    <property name="java.awt.graphicsenv" value="sun.awt.Win32GraphicsEnvironment"/>
    <property name="java.endorsed.dirs" value="C:\Program Files\Java\jdk1.8.0_121\jre\lib\endorsed"/>
    <property name="os.arch" value="amd64"/>
    <property name="java.io.tmpdir" value="C:\Users\maciek\AppData\Local\Temp\"/>
    <property name="line.separator" value="
"/>
    <property name="java.vm.specification.vendor" value="Oracle Corporation"/>
    <property name="user.variant" value=""/>
    <property name="os.name" value="Windows 10"/>
    <property name="maven.ext.class.path" value="C:\Program Files\NetBeans 8.2\java\maven-nblib\netbeans-eventspy.jar"/>
    <property name="classworlds.conf" value="C:\Program Files\NetBeans 8.2\java\maven\bin\m2.conf"/>
    <property name="sun.jnu.encoding" value="Cp1250"/>
    <property name="java.library.path" value="C:\Program Files\Java\jdk1.8.0_121\bin;C:\WINDOWS\Sun\Java\bin;C:\WINDOWS\system32;C:\WINDOWS;C:\WINDOWS\system32;C:\WINDOWS;C:\WINDOWS\System32\Wbem;C:\WINDOWS\System32\WindowsPowerShell\v1.0\;C:\Program Files\TortoiseGit\bin;C:\Program Files\Git\cmd;C:\Program Files\Condusiv Technologies\ExpressCache\;C:\Program Files\nodejs\;C:\apache-maven-3.3.9\bin;C:\Users\maciek\AppData\Local\Microsoft\WindowsApps;C:\Users\maciek\AppData\Roaming\npm;C:\apache-maven-3.3.9\bin;."/>
    <property name="java.specification.name" value="Java Platform API Specification"/>
    <property name="java.class.version" value="52.0"/>
    <property name="sun.management.compiler" value="HotSpot 64-Bit Tiered Compilers"/>
    <property name="os.version" value="10.0"/>
    <property name="user.home" value="C:\Users\maciek"/>
    <property name="user.timezone" value="Europe/Belgrade"/>
    <property name="java.awt.printerjob" value="sun.awt.windows.WPrinterJob"/>
    <property name="java.specification.version" value="1.8"/>
    <property name="file.encoding" value="Cp1250"/>
    <property name="user.name" value="maciek"/>
    <property name="java.class.path" value="C:\Program Files\NetBeans 8.2\java\maven\boot\plexus-classworlds-2.4.jar"/>
    <property name="java.vm.specification.version" value="1.8"/>
    <property name="sun.arch.data.model" value="64"/>
    <property name="java.home" value="C:\Program Files\Java\jdk1.8.0_121\jre"/>
    <property name="sun.java.command" value="org.codehaus.plexus.classworlds.launcher.Launcher -Dmaven.ext.class.path=C:\Program Files\NetBeans 8.2\java\maven-nblib\netbeans-eventspy.jar clean install"/>
    <property name="java.specification.vendor" value="Oracle Corporation"/>
    <property name="user.language" value="pl"/>
    <property name="awt.toolkit" value="sun.awt.windows.WToolkit"/>
    <property name="java.vm.info" value="mixed mode"/>
    <property name="java.version" value="1.8.0_121"/>
    <property name="java.ext.dirs" value="C:\Program Files\Java\jdk1.8.0_121\jre\lib\ext;C:\WINDOWS\Sun\Java\lib\ext"/>
    <property name="sun.boot.class.path" value="C:\Program Files\Java\jdk1.8.0_121\jre\lib\resources.jar;C:\Program Files\Java\jdk1.8.0_121\jre\lib\rt.jar;C:\Program Files\Java\jdk1.8.0_121\jre\lib\sunrsasign.jar;C:\Program Files\Java\jdk1.8.0_121\jre\lib\jsse.jar;C:\Program Files\Java\jdk1.8.0_121\jre\lib\jce.jar;C:\Program Files\Java\jdk1.8.0_121\jre\lib\charsets.jar;C:\Program Files\Java\jdk1.8.0_121\jre\lib\jfr.jar;C:\Program Files\Java\jdk1.8.0_121\jre\classes"/>
    <property name="java.vendor" value="Oracle Corporation"/>
    <property name="maven.home" value="C:\Program Files\NetBeans 8.2\java\maven"/>
    <property name="file.separator" value="\"/>
    <property name="java.vendor.url.bug" value="http://bugreport.sun.com/bugreport/"/>
    <property name="sun.cpu.endian" value="little"/>
    <property name="sun.io.unicode.encoding" value="UnicodeLittle"/>
    <property name="sun.desktop" value="windows"/>
    <property name="sun.cpu.isalist" value="amd64"/>
  </properties>
  <testcase classname="org.jfree.data.time.TimeSeriesTest" name="testEquals2" time="0"/>
  <testcase classname="org.jfree.data.time.TimeSeriesTest" name="testEquals3" time="0"/>
  <testcase classname="org.jfree.data.time.TimeSeriesTest" name="testGetIndex" time="0"/>
  <testcase classname="org.jfree.data.time.TimeSeriesTest" name="testGetMaxY2" time="0"/>
  <testcase classname="org.jfree.data.time.TimeSeriesTest" name="testGetMinY2" time="0"/>
  <testcase classname="org.jfree.data.time.TimeSeriesTest" name="testGetValue" time="0"/>
  <testcase classname="org.jfree.data.time.TimeSeriesTest" name="testUpdate_RegularTimePeriod" time="0"/>
  <testcase classname="org.jfree.data.time.TimeSeriesTest" name="testSerialization" time="0"/>
  <testcase classname="org.jfree.data.time.TimeSeriesTest" name="testAdd" time="0"/>
  <testcase classname="org.jfree.data.time.TimeSeriesTest" name="testClear" time="0"/>
  <testcase classname="org.jfree.data.time.TimeSeriesTest" name="testClone" time="0"/>
  <testcase classname="org.jfree.data.time.TimeSeriesTest" name="testCreateCopy1" time="0"/>
  <testcase classname="org.jfree.data.time.TimeSeriesTest" name="testCreateCopy2" time="0"/>
  <testcase classname="org.jfree.data.time.TimeSeriesTest" name="testCreateCopy3" time="0"/>
  <testcase classname="org.jfree.data.time.TimeSeriesTest" name="testBug3446965" time="0"/>
  <testcase classname="org.jfree.data.time.TimeSeriesTest" name="testAddOrUpdate" time="0.015"/>
  <testcase classname="org.jfree.data.time.TimeSeriesTest" name="testAddValue" time="0"/>
  <testcase classname="org.jfree.data.time.TimeSeriesTest" name="testGetMaxY" time="0"/>
  <testcase classname="org.jfree.data.time.TimeSeriesTest" name="testGetMinY" time="0"/>
  <testcase classname="org.jfree.data.time.TimeSeriesTest" name="testFindValueRange" time="0"/>
  <testcase classname="org.jfree.data.time.TimeSeriesTest" name="testFindValueRange2" time="0"/>
  <testcase classname="org.jfree.data.time.TimeSeriesTest" name="testRemoveAgedItems" time="0"/>
  <testcase classname="org.jfree.data.time.TimeSeriesTest" name="testSetMaximumItemCount" time="0"/>
  <testcase classname="org.jfree.data.time.TimeSeriesTest" name="testAdd_TimeSeriesDataItem" time="0"/>
  <testcase classname="org.jfree.data.time.TimeSeriesTest" name="testAddOrUpdate2" time="0"/>
  <testcase classname="org.jfree.data.time.TimeSeriesTest" name="testAddOrUpdate3" time="0"/>
  <testcase classname="org.jfree.data.time.TimeSeriesTest" name="testAddOrUpdate4" time="0"/>
  <testcase classname="org.jfree.data.time.TimeSeriesTest" name="testDelete_RegularTimePeriod" time="0"/>
  <testcase classname="org.jfree.data.time.TimeSeriesTest" name="testGetDataItem1" time="0"/>
  <testcase classname="org.jfree.data.time.TimeSeriesTest" name="testGetDataItem2" time="0"/>
  <testcase classname="org.jfree.data.time.TimeSeriesTest" name="testHashCode" time="0"/>
  <testcase classname="org.jfree.data.time.TimeSeriesTest" name="testDelete2" time="0"/>
  <testcase classname="org.jfree.data.time.TimeSeriesTest" name="testDelete3" time="0"/>
  <testcase classname="org.jfree.data.time.TimeSeriesTest" name="testClone2" time="0"/>
  <testcase classname="org.jfree.data.time.TimeSeriesTest" name="testDelete" time="0"/>
  <testcase classname="org.jfree.data.time.TimeSeriesTest" name="testEquals" time="0"/>
  <testcase classname="org.jfree.data.time.TimeSeriesTest" name="testBug1075255" time="0"/>
  <testcase classname="org.jfree.data.time.TimeSeriesTest" name="testRemoveAgedItems2" time="0"/>
  <testcase classname="org.jfree.data.time.TimeSeriesTest" name="testRemoveAgedItems3" time="0"/>
  <testcase classname="org.jfree.data.time.TimeSeriesTest" name="testRemoveAgedItems4" time="0"/>
  <testcase classname="org.jfree.data.time.TimeSeriesTest" name="testRemoveAgedItems5" time="0"/>
  <testcase classname="org.jfree.data.time.TimeSeriesTest" name="testSetKey" time="0"/>
  <testcase classname="org.jfree.data.time.TimeSeriesTest" name="testBug1832432" time="0"/>
  <testcase classname="org.jfree.data.time.TimeSeriesTest" name="testBug1864222" time="0"/>
</testsuite>